<!DOCTYPE html>
<html>
<head>
<meta http-equiv="Content-Type" content="text/html; charset=utf-8"/>
<meta http-equiv="x-ua-compatible" content="IE=edge"/>
<title>Test results - Class com.xenia.qa.tests.CardCreationTest</title>
<link href="../css/base-style.css" rel="stylesheet" type="text/css"/>
<link href="../css/style.css" rel="stylesheet" type="text/css"/>
<script src="../js/report.js" type="text/javascript"></script>
</head>
<body>
<div id="content">
<h1>Class com.xenia.qa.tests.CardCreationTest</h1>
<div class="breadcrumbs">
<a href="../index.html">all</a> &gt; 
<a href="../packages/com.xenia.qa.tests.html">com.xenia.qa.tests</a> &gt; CardCreationTest</div>
<div id="summary">
<table>
<tr>
<td>
<div class="summaryGroup">
<table>
<tr>
<td>
<div class="infoBox" id="tests">
<div class="counter">1</div>
<p>tests</p>
</div>
</td>
<td>
<div class="infoBox" id="failures">
<div class="counter">0</div>
<p>failures</p>
</div>
</td>
<td>
<div class="infoBox" id="ignored">
<div class="counter">0</div>
<p>ignored</p>
</div>
</td>
<td>
<div class="infoBox" id="duration">
<div class="counter">2.350s</div>
<p>duration</p>
</div>
</td>
</tr>
</table>
</div>
</td>
<td>
<div class="infoBox success" id="successRate">
<div class="percent">100%</div>
<p>successful</p>
</div>
</td>
</tr>
</table>
</div>
<div id="tabs">
<ul class="tabLinks">
<li>
<a href="#tab0">Tests</a>
</li>
<li>
<a href="#tab1">Standard output</a>
</li>
</ul>
<div id="tab0" class="tab">
<h2>Tests</h2>
<table>
<thead>
<tr>
<th>Test</th>
<th>Duration</th>
<th>Result</th>
</tr>
</thead>
<tr>
<td class="success">testListCreation</td>
<td class="success">2.350s</td>
<td class="success">passed</td>
</tr>
</table>
</div>
<div id="tab1" class="tab">
<h2>Standard output</h2>
<span class="code">
<pre>16:27:34 INFO  com.xenia.qa.tests.TestBase - start testtestListCreation
16:27:34 INFO  c.xenia.qa.tests.TestBase$MyListener - Start search elementBy.xpath: //*[@data-test-id='header-member-menu-button'].
16:27:34 INFO  c.xenia.qa.tests.TestBase$MyListener - ElementBy.xpath: //*[@data-test-id='header-member-menu-button']found.
16:27:34 INFO  c.xenia.qa.tests.TestBase$MyListener - Start search elementBy.xpath: //*[contains(@class, 'boards-page-board-section-header-icon-default-image')]/../../../..//li.
16:27:34 INFO  c.xenia.qa.tests.TestBase$MyListener - ElementBy.xpath: //*[contains(@class, 'boards-page-board-section-header-icon-default-image')]/../../../..//lifound.
16:27:37 INFO  c.xenia.qa.tests.TestBase$MyListener - Start search elementBy.xpath: //*[contains(@class, 'boards-page-board-section-header-icon-default-image')]/../../../..//li.
16:27:37 INFO  c.xenia.qa.tests.TestBase$MyListener - ElementBy.xpath: //*[contains(@class, 'boards-page-board-section-header-icon-default-image')]/../../../..//lifound.
16:27:37 INFO  c.xenia.qa.tests.TestBase$MyListener - Start search elementBy.xpath: //*[@data-test-id='header-create-menu-button'].
16:27:37 INFO  c.xenia.qa.tests.TestBase$MyListener - ElementBy.xpath: //*[@data-test-id='header-create-menu-button']found.
16:27:37 INFO  c.xenia.qa.tests.TestBase$MyListener - Start search elementBy.xpath: //*[@data-test-id='header-create-board-button'].
16:27:37 INFO  c.xenia.qa.tests.TestBase$MyListener - ElementBy.xpath: //*[@data-test-id='header-create-board-button']found.
16:27:37 INFO  c.xenia.qa.tests.TestBase$MyListener - Start search elementBy.xpath: //*[@data-test-id='create-board-title-input'].
16:27:37 INFO  c.xenia.qa.tests.TestBase$MyListener - ElementBy.xpath: //*[@data-test-id='create-board-title-input']found.
16:27:37 INFO  c.xenia.qa.tests.TestBase$MyListener - Start search elementBy.xpath: //*[@data-test-id='create-board-title-input'].
16:27:37 INFO  c.xenia.qa.tests.TestBase$MyListener - ElementBy.xpath: //*[@data-test-id='create-board-title-input']found.
16:27:37 INFO  c.xenia.qa.tests.TestBase$MyListener - Start search elementBy.xpath: //*[@data-test-id='create-board-title-input'].
16:27:37 INFO  c.xenia.qa.tests.TestBase$MyListener - ElementBy.xpath: //*[@data-test-id='create-board-title-input']found.
16:27:37 INFO  c.xenia.qa.tests.TestBase$MyListener - Start search elementBy.xpath: //*[@data-test-id='create-board-submit-button'].
16:27:37 INFO  c.xenia.qa.tests.TestBase$MyListener - ElementBy.xpath: //*[@data-test-id='create-board-submit-button']found.
16:27:37 INFO  c.xenia.qa.tests.TestBase$MyListener - Start search elementBy.cssSelector: [data-test-id*=header-home].
16:27:37 INFO  c.xenia.qa.tests.TestBase$MyListener - ElementBy.cssSelector: [data-test-id*=header-home]found.
16:27:37 INFO  c.xenia.qa.tests.TestBase$MyListener - Start search elementBy.cssSelector: [data-test-id*=header-home].
16:27:37 INFO  c.xenia.qa.tests.TestBase$MyListener - ElementBy.cssSelector: [data-test-id*=header-home]found.
16:27:38 INFO  c.xenia.qa.tests.TestBase$MyListener - Start search elementBy.xpath: //*[contains(@class, 'boards-page-board-section-header-icon-default-image')]/../../../..//li.
16:27:38 INFO  c.xenia.qa.tests.TestBase$MyListener - ElementBy.xpath: //*[contains(@class, 'boards-page-board-section-header-icon-default-image')]/../../../..//lifound.
16:27:38 INFO  c.xenia.qa.tests.TestBase$MyListener - Start search elementBy.cssSelector: .js-add-a-card.
16:27:38 INFO  c.xenia.qa.tests.TestBase$MyListener - ElementBy.cssSelector: .js-add-a-cardfound.
16:27:39 ERROR c.xenia.qa.tests.TestBase$MyListener - !!!!!TEST FAILED!!!!!

org.openqa.selenium.StaleElementReferenceException: stale element reference: element is not attached to the page document
  (Session info: chrome=91.0.4472.114)
For documentation on this error, please visit: https://www.seleniumhq.org/exceptions/stale_element_reference.html
Build info: version: '3.141.59', revision: 'e82be7d358', time: '2018-11-14T08:17:03'
System info: host: 'fedora', ip: '127.0.0.1', os.name: 'Linux', os.arch: 'amd64', os.version: '5.12.15-300.fc34.x86_64', java.version: '11.0.11'
Driver info: org.openqa.selenium.chrome.ChromeDriver
Capabilities {acceptInsecureCerts: false, browserName: chrome, browserVersion: 91.0.4472.114, chrome: {chromedriverVersion: 91.0.4472.114 (4bb19460e8d8..., userDataDir: /tmp/.org.chromium.Chromium...}, goog:chromeOptions: {debuggerAddress: localhost:41949}, javascriptEnabled: true, networkConnectionEnabled: false, pageLoadStrategy: normal, platform: LINUX, platformName: LINUX, proxy: Proxy(), setWindowRect: true, strictFileInteractability: false, timeouts: {implicit: 0, pageLoad: 300000, script: 30000}, unhandledPromptBehavior: dismiss and notify, webauthn:extension:largeBlob: true, webauthn:virtualAuthenticators: true}
Session ID: 9d8a8a31a3056e641caef303cebb7404
	at java.base/jdk.internal.reflect.NativeConstructorAccessorImpl.newInstance0(Native Method)
	at java.base/jdk.internal.reflect.NativeConstructorAccessorImpl.newInstance(NativeConstructorAccessorImpl.java:62)
	at java.base/jdk.internal.reflect.DelegatingConstructorAccessorImpl.newInstance(DelegatingConstructorAccessorImpl.java:45)
	at java.base/java.lang.reflect.Constructor.newInstance(Constructor.java:490)
	at org.openqa.selenium.remote.http.W3CHttpResponseCodec.createException(W3CHttpResponseCodec.java:187)
	at org.openqa.selenium.remote.http.W3CHttpResponseCodec.decode(W3CHttpResponseCodec.java:122)
	at org.openqa.selenium.remote.http.W3CHttpResponseCodec.decode(W3CHttpResponseCodec.java:49)
	at org.openqa.selenium.remote.HttpCommandExecutor.execute(HttpCommandExecutor.java:158)
	at org.openqa.selenium.remote.service.DriverCommandExecutor.execute(DriverCommandExecutor.java:83)
	at org.openqa.selenium.remote.RemoteWebDriver.execute(RemoteWebDriver.java:552)
	at org.openqa.selenium.remote.RemoteWebElement.execute(RemoteWebElement.java:285)
	at org.openqa.selenium.remote.RemoteWebElement.isDisplayed(RemoteWebElement.java:326)
	at java.base/jdk.internal.reflect.NativeMethodAccessorImpl.invoke0(Native Method)
	at java.base/jdk.internal.reflect.NativeMethodAccessorImpl.invoke(NativeMethodAccessorImpl.java:62)
	at java.base/jdk.internal.reflect.DelegatingMethodAccessorImpl.invoke(DelegatingMethodAccessorImpl.java:43)
	at java.base/java.lang.reflect.Method.invoke(Method.java:566)
	at org.openqa.selenium.support.events.EventFiringWebDriver$EventFiringWebElement.lambda$new$0(EventFiringWebDriver.java:404)
	at com.sun.proxy.$Proxy15.isDisplayed(Unknown Source)
	at org.openqa.selenium.support.events.EventFiringWebDriver$EventFiringWebElement.isDisplayed(EventFiringWebDriver.java:470)
	at org.openqa.selenium.support.ui.ExpectedConditions.elementIfVisible(ExpectedConditions.java:314)
	at org.openqa.selenium.support.ui.ExpectedConditions.access$000(ExpectedConditions.java:43)
	at org.openqa.selenium.support.ui.ExpectedConditions$7.apply(ExpectedConditions.java:205)
	at org.openqa.selenium.support.ui.ExpectedConditions$7.apply(ExpectedConditions.java:201)
	at org.openqa.selenium.support.ui.ExpectedConditions$22.apply(ExpectedConditions.java:641)
	at org.openqa.selenium.support.ui.ExpectedConditions$22.apply(ExpectedConditions.java:638)
	at org.openqa.selenium.support.ui.FluentWait.until(FluentWait.java:249)
	at com.xenia.qa.fw.HelperBase.waitForElementAndClick(HelperBase.java:22)
	at com.xenia.qa.fw.CardHelper.addNew(CardHelper.java:13)
	at com.xenia.qa.tests.CardCreationTest.testListCreation(CardCreationTest.java:25)
	at java.base/jdk.internal.reflect.NativeMethodAccessorImpl.invoke0(Native Method)
	at java.base/jdk.internal.reflect.NativeMethodAccessorImpl.invoke(NativeMethodAccessorImpl.java:62)
	at java.base/jdk.internal.reflect.DelegatingMethodAccessorImpl.invoke(DelegatingMethodAccessorImpl.java:43)
	at java.base/java.lang.reflect.Method.invoke(Method.java:566)
	at org.testng.internal.MethodInvocationHelper.invokeMethod(MethodInvocationHelper.java:133)
	at org.testng.internal.TestInvoker.invokeMethod(TestInvoker.java:598)
	at org.testng.internal.TestInvoker.invokeTestMethod(TestInvoker.java:173)
	at org.testng.internal.MethodRunner.runInSequence(MethodRunner.java:46)
	at org.testng.internal.TestInvoker$MethodInvocationAgent.invoke(TestInvoker.java:824)
	at org.testng.internal.TestInvoker.invokeTestMethods(TestInvoker.java:146)
	at org.testng.internal.TestMethodWorker.invokeTestMethods(TestMethodWorker.java:146)
	at org.testng.internal.TestMethodWorker.run(TestMethodWorker.java:128)
	at java.base/java.util.ArrayList.forEach(ArrayList.java:1541)
	at org.testng.TestRunner.privateRun(TestRunner.java:794)
	at org.testng.TestRunner.run(TestRunner.java:596)
	at org.testng.SuiteRunner.runTest(SuiteRunner.java:377)
	at org.testng.SuiteRunner.runSequentially(SuiteRunner.java:371)
	at org.testng.SuiteRunner.privateRun(SuiteRunner.java:332)
	at org.testng.SuiteRunner.run(SuiteRunner.java:276)
	at org.testng.SuiteRunnerWorker.runSuite(SuiteRunnerWorker.java:53)
	at org.testng.SuiteRunnerWorker.run(SuiteRunnerWorker.java:96)
	at org.testng.TestNG.runSuitesSequentially(TestNG.java:1212)
	at org.testng.TestNG.runSuitesLocally(TestNG.java:1134)
	at org.testng.TestNG.runSuites(TestNG.java:1063)
	at org.testng.TestNG.run(TestNG.java:1031)
	at org.gradle.api.internal.tasks.testing.testng.TestNGTestClassProcessor.runTests(TestNGTestClassProcessor.java:141)
	at org.gradle.api.internal.tasks.testing.testng.TestNGTestClassProcessor.stop(TestNGTestClassProcessor.java:90)
	at org.gradle.api.internal.tasks.testing.SuiteTestClassProcessor.stop(SuiteTestClassProcessor.java:61)
	at java.base/jdk.internal.reflect.NativeMethodAccessorImpl.invoke0(Native Method)
	at java.base/jdk.internal.reflect.NativeMethodAccessorImpl.invoke(NativeMethodAccessorImpl.java:62)
	at java.base/jdk.internal.reflect.DelegatingMethodAccessorImpl.invoke(DelegatingMethodAccessorImpl.java:43)
	at java.base/java.lang.reflect.Method.invoke(Method.java:566)
	at org.gradle.internal.dispatch.ReflectionDispatch.dispatch(ReflectionDispatch.java:36)
	at org.gradle.internal.dispatch.ReflectionDispatch.dispatch(ReflectionDispatch.java:24)
	at org.gradle.internal.dispatch.ContextClassLoaderDispatch.dispatch(ContextClassLoaderDispatch.java:33)
	at org.gradle.internal.dispatch.ProxyDispatchAdapter$DispatchingInvocationHandler.invoke(ProxyDispatchAdapter.java:94)
	at com.sun.proxy.$Proxy2.stop(Unknown Source)
	at org.gradle.api.internal.tasks.testing.worker.TestWorker.stop(TestWorker.java:133)
	at java.base/jdk.internal.reflect.NativeMethodAccessorImpl.invoke0(Native Method)
	at java.base/jdk.internal.reflect.NativeMethodAccessorImpl.invoke(NativeMethodAccessorImpl.java:62)
	at java.base/jdk.internal.reflect.DelegatingMethodAccessorImpl.invoke(DelegatingMethodAccessorImpl.java:43)
	at java.base/java.lang.reflect.Method.invoke(Method.java:566)
	at org.gradle.internal.dispatch.ReflectionDispatch.dispatch(ReflectionDispatch.java:36)
	at org.gradle.internal.dispatch.ReflectionDispatch.dispatch(ReflectionDispatch.java:24)
	at org.gradle.internal.remote.internal.hub.MessageHubBackedObjectConnection$DispatchWrapper.dispatch(MessageHubBackedObjectConnection.java:182)
	at org.gradle.internal.remote.internal.hub.MessageHubBackedObjectConnection$DispatchWrapper.dispatch(MessageHubBackedObjectConnection.java:164)
	at org.gradle.internal.remote.internal.hub.MessageHub$Handler.run(MessageHub.java:414)
	at org.gradle.internal.concurrent.ExecutorPolicy$CatchAndRecordFailures.onExecute(ExecutorPolicy.java:64)
	at org.gradle.internal.concurrent.ManagedExecutorImpl$1.run(ManagedExecutorImpl.java:48)
	at java.base/java.util.concurrent.ThreadPoolExecutor.runWorker(ThreadPoolExecutor.java:1128)
	at java.base/java.util.concurrent.ThreadPoolExecutor$Worker.run(ThreadPoolExecutor.java:628)
	at org.gradle.internal.concurrent.ThreadFactoryImpl$ManagedThreadRunnable.run(ThreadFactoryImpl.java:56)
	at java.base/java.lang.Thread.run(Thread.java:829)
16:27:39 ERROR c.xenia.qa.tests.TestBase$MyListener - screenshot screenshots/screen-1628083659107.png
16:27:39 INFO  c.xenia.qa.tests.TestBase$MyListener - Start search elementBy.cssSelector: .js-add-a-card.
16:27:39 INFO  c.xenia.qa.tests.TestBase$MyListener - ElementBy.cssSelector: .js-add-a-cardfound.
16:27:39 INFO  c.xenia.qa.tests.TestBase$MyListener - Start search elementBy.cssSelector: .js-card-title.
16:27:39 INFO  c.xenia.qa.tests.TestBase$MyListener - ElementBy.cssSelector: .js-card-titlefound.
16:27:39 INFO  c.xenia.qa.tests.TestBase$MyListener - Start search elementBy.cssSelector: .js-card-title.
16:27:40 INFO  c.xenia.qa.tests.TestBase$MyListener - ElementBy.cssSelector: .js-card-titlefound.
16:27:40 INFO  c.xenia.qa.tests.TestBase$MyListener - Start search elementBy.cssSelector: .js-card-title.
16:27:40 INFO  c.xenia.qa.tests.TestBase$MyListener - ElementBy.cssSelector: .js-card-titlefound.
16:27:40 INFO  c.xenia.qa.tests.TestBase$MyListener - Start search elementBy.cssSelector: .js-cc-menu.
16:27:40 INFO  c.xenia.qa.tests.TestBase$MyListener - ElementBy.cssSelector: .js-cc-menufound.
16:27:40 INFO  c.xenia.qa.tests.TestBase$MyListener - Start search elementBy.cssSelector: .js-label-selector.
16:27:40 INFO  c.xenia.qa.tests.TestBase$MyListener - ElementBy.cssSelector: .js-label-selectorfound.
16:27:40 INFO  c.xenia.qa.tests.TestBase$MyListener - Start search elementBy.cssSelector: [data-color=yellow].
16:27:40 INFO  c.xenia.qa.tests.TestBase$MyListener - ElementBy.cssSelector: [data-color=yellow]found.
16:27:40 INFO  c.xenia.qa.tests.TestBase$MyListener - Start search elementBy.cssSelector: .confirm.
16:27:40 INFO  c.xenia.qa.tests.TestBase$MyListener - ElementBy.cssSelector: .confirmfound.
16:27:40 INFO  c.xenia.qa.tests.TestBase$MyListener - Start search elementBy.cssSelector: .js-card-title.
16:27:40 INFO  c.xenia.qa.tests.TestBase$MyListener - ElementBy.cssSelector: .js-card-titlefound.
16:27:40 INFO  c.xenia.qa.tests.TestBase$MyListener - Start search elementBy.cssSelector: .js-card-title.
16:27:40 INFO  c.xenia.qa.tests.TestBase$MyListener - ElementBy.cssSelector: .js-card-titlefound.
16:27:40 INFO  c.xenia.qa.tests.TestBase$MyListener - Start search elementBy.cssSelector: .js-card-title.
16:27:40 INFO  c.xenia.qa.tests.TestBase$MyListener - ElementBy.cssSelector: .js-card-titlefound.
16:27:40 INFO  c.xenia.qa.tests.TestBase$MyListener - Start search elementBy.cssSelector: .js-cc-menu.
16:27:40 INFO  c.xenia.qa.tests.TestBase$MyListener - ElementBy.cssSelector: .js-cc-menufound.
16:27:40 INFO  c.xenia.qa.tests.TestBase$MyListener - Start search elementBy.cssSelector: .js-label-selector.
16:27:40 INFO  c.xenia.qa.tests.TestBase$MyListener - ElementBy.cssSelector: .js-label-selectorfound.
16:27:40 INFO  c.xenia.qa.tests.TestBase$MyListener - Start search elementBy.cssSelector: .confirm.
16:27:40 INFO  c.xenia.qa.tests.TestBase$MyListener - ElementBy.cssSelector: .confirmfound.
16:27:40 INFO  com.xenia.qa.tests.TestBase - stop testtestListCreation
</pre>
</span>
</div>
</div>
<div id="footer">
<p>
<div>
<label class="hidden" id="label-for-line-wrapping-toggle" for="line-wrapping-toggle">Wrap lines
<input id="line-wrapping-toggle" type="checkbox" autocomplete="off"/>
</label>
</div>Generated by 
<a href="http://www.gradle.org">Gradle 6.8</a> at Aug 4, 2021, 4:27:43 PM</p>
</div>
</div>
</body>
</html>
